Determining if the pthread_create exist failed with the following output:
Change Dir: /home/alica032/Documents/csc/gpu/Tasks/cmake-build-debug/CMakeFiles/CMakeTmp

Run Build Command:"/usr/bin/make" "cmTC_f0b62/fast"
/usr/bin/make -f CMakeFiles/cmTC_f0b62.dir/build.make CMakeFiles/cmTC_f0b62.dir/build
make[1]: Entering directory '/home/alica032/Documents/csc/gpu/Tasks/cmake-build-debug/CMakeFiles/CMakeTmp'
Building C object CMakeFiles/cmTC_f0b62.dir/CheckSymbolExists.c.o
/usr/bin/cc    -o CMakeFiles/cmTC_f0b62.dir/CheckSymbolExists.c.o   -c /home/alica032/Documents/csc/gpu/Tasks/cmake-build-debug/CMakeFiles/CMakeTmp/CheckSymbolExists.c
Linking C executable cmTC_f0b62
/home/alica032/Documents/csc/gpu/clion-2018.2.4/bin/cmake/linux/bin/cmake -E cmake_link_script CMakeFiles/cmTC_f0b62.dir/link.txt --verbose=1
/usr/bin/cc      -rdynamic CMakeFiles/cmTC_f0b62.dir/CheckSymbolExists.c.o  -o cmTC_f0b62 
CMakeFiles/cmTC_f0b62.dir/CheckSymbolExists.c.o: In function `main':
CheckSymbolExists.c:(.text+0x1b): undefined reference to `pthread_create'
collect2: error: ld returned 1 exit status
CMakeFiles/cmTC_f0b62.dir/build.make:86: recipe for target 'cmTC_f0b62' failed
make[1]: *** [cmTC_f0b62] Error 1
make[1]: Leaving directory '/home/alica032/Documents/csc/gpu/Tasks/cmake-build-debug/CMakeFiles/CMakeTmp'
Makefile:121: recipe for target 'cmTC_f0b62/fast' failed
make: *** [cmTC_f0b62/fast] Error 2

File /home/alica032/Documents/csc/gpu/Tasks/cmake-build-debug/CMakeFiles/CMakeTmp/CheckSymbolExists.c:
/* */
#include <pthread.h>

int main(int argc, char** argv)
{
  (void)argv;
#ifndef pthread_create
  return ((int*)(&pthread_create))[argc];
#else
  (void)argc;
  return 0;
#endif
}

